<?xml version="1.0" encoding="UTF-8"?>
<testng-results ignored="0" total="3" passed="3" failed="0" skipped="0">
  <reporter-output>
  </reporter-output>
  <suite started-at="2023-01-24T07:46:50 IST" name="Suite" finished-at="2023-01-24T07:46:55 IST" duration-ms="5285">
    <groups>
    </groups>
    <test started-at="2023-01-24T07:46:50 IST" name="Test" finished-at="2023-01-24T07:46:55 IST" duration-ms="5285">
      <class name="pPack.DemoThreeTest">
        <test-method signature="mThree()[pri:0, instance:pPack.DemoThreeTest@3e27aa33]" started-at="2023-01-24T07:46:55 IST" name="mThree" finished-at="2023-01-24T07:46:55 IST" duration-ms="0" status="PASS">
          <reporter-output>
          </reporter-output>
        </test-method> <!-- mThree -->
      </class> <!-- pPack.DemoThreeTest -->
      <class name="pPack.DemoOneTest">
        <test-method signature="sampleTest()[pri:0, instance:pPack.DemoOneTest@4659191b]" started-at="2023-01-24T07:46:50 IST" name="sampleTest" finished-at="2023-01-24T07:46:55 IST" duration-ms="4975" status="PASS">
          <reporter-output>
          </reporter-output>
        </test-method> <!-- sampleTest -->
        <test-method is-config="true" signature="closure()[pri:0, instance:pPack.DemoOneTest@4659191b]" started-at="2023-01-24T07:46:55 IST" name="closure" finished-at="2023-01-24T07:46:55 IST" duration-ms="208" status="PASS">
          <reporter-output>
          </reporter-output>
        </test-method> <!-- closure -->
      </class> <!-- pPack.DemoOneTest -->
      <class name="pPack.DemoTwoTest">
        <test-method signature="mTwo()[pri:0, instance:pPack.DemoTwoTest@750e2b97]" started-at="2023-01-24T07:46:55 IST" name="mTwo" finished-at="2023-01-24T07:46:55 IST" duration-ms="0" status="PASS">
          <reporter-output>
          </reporter-output>
        </test-method> <!-- mTwo -->
      </class> <!-- pPack.DemoTwoTest -->
    </test> <!-- Test -->
  </suite> <!-- Suite -->
</testng-results>
