<?xml version="1.0" encoding="UTF-8"?>
<testng-results ignored="0" total="3" passed="3" failed="0" skipped="0">
  <reporter-output>
  </reporter-output>
  <suite started-at="2023-01-13T08:34:54 IST" name="Default suite" finished-at="2023-01-13T08:34:54 IST" duration-ms="53">
    <groups>
    </groups>
    <test started-at="2023-01-13T08:34:54 IST" name="Default test" finished-at="2023-01-13T08:34:54 IST" duration-ms="53">
      <class name="pPack.DemoTwoTest">
        <test-method signature="mTwo()[pri:0, instance:pPack.DemoTwoTest@3a44431a]" started-at="2023-01-13T08:34:54 IST" name="mTwo" finished-at="2023-01-13T08:34:54 IST" duration-ms="7" status="PASS">
          <reporter-output>
          </reporter-output>
        </test-method> <!-- mTwo -->
        <test-method signature="mTwo()[pri:0, instance:pPack.DemoTwoTest@3a44431a]" started-at="2023-01-13T08:34:54 IST" name="mTwo" finished-at="2023-01-13T08:34:54 IST" duration-ms="1" status="PASS">
          <reporter-output>
          </reporter-output>
        </test-method> <!-- mTwo -->
        <test-method signature="mTwo()[pri:0, instance:pPack.DemoTwoTest@3a44431a]" started-at="2023-01-13T08:34:54 IST" name="mTwo" finished-at="2023-01-13T08:34:54 IST" duration-ms="1" status="PASS">
          <reporter-output>
          </reporter-output>
        </test-method> <!-- mTwo -->
      </class> <!-- pPack.DemoTwoTest -->
    </test> <!-- Default test -->
  </suite> <!-- Default suite -->
</testng-results>
